<testsuites id="" name="" tests="4" failures="0" skipped="0" errors="0" time="2.68586">
<testsuite name="api/students.spec.ts" timestamp="2025-01-12T19:38:00.397Z" hostname="chromium" tests="4" failures="0" skipped="0" time="2.383" errors="0">
<testcase name="Students › Create a new student using POST" classname="api/students.spec.ts" time="0.823">
<system-out>
<![CDATA[Status Code:  [33m201[39m
{
  STUDENT_ID: [33m6502[39m,
  DOB: [32m'1990-01-01'[39m,
  EMAIL: [32m'alicedoe@gmail.com'[39m,
  FIRST_NAME: [32m'Alice'[39m,
  LAST_NAME: [32m'Doe'[39m,
  INSTRUCTOR_ID: [33m2[39m
}
Name:  Alice
1990-01-01 DOB
{
  STUDENT_ID: [33m6502[39m,
  DOB: [35m1990-01-01T06:00:00.000Z[39m,
  EMAIL: [32m'alicedoe@gmail.com'[39m,
  FIRST_NAME: [32m'Alice'[39m,
  LAST_NAME: [32m'Doe'[39m,
  INSTRUCTOR_ID: [33m2[39m
}

[[ATTACHMENT|../test-results/api-students-Students-Create-a-new-student-using-POST-chromium/trace.zip]]
]]>
</system-out>
</testcase>
<testcase name="Students › Create a new student using GET" classname="api/students.spec.ts" time="0.355">
<system-out>
<![CDATA[{
  STUDENT_ID: [33m6502[39m,
  DOB: [32m'1990-01-01T00:00:00.000Z'[39m,
  EMAIL: [32m'alicedoe@gmail.com'[39m,
  FIRST_NAME: [32m'Alice'[39m,
  LAST_NAME: [32m'Doe'[39m,
  INSTRUCTOR_ID: [33m2[39m,
  INSTRUCTOR_NAME: [32m'Robert Hass'[39m
}

[[ATTACHMENT|../test-results/api-students-Students-Create-a-new-student-using-GET-chromium/trace.zip]]
]]>
</system-out>
</testcase>
<testcase name="Students › Update a student we created using PUT" classname="api/students.spec.ts" time="0.645">
<system-out>
<![CDATA[
[[ATTACHMENT|../test-results/api-students-Students-Update-a-student-we-created-using-PUT-chromium/trace.zip]]
]]>
</system-out>
</testcase>
<testcase name="Students › Delete a student UPDATED using DELETE" classname="api/students.spec.ts" time="0.56">
<system-out>
<![CDATA[
[[ATTACHMENT|../test-results/api-students-Students-Delete-a-student-UPDATED-using-DELETE-chromium/trace.zip]]
]]>
</system-out>
</testcase>
</testsuite>
</testsuites>