<testsuites id="" name="" tests="3" failures="0" skipped="0" errors="0" time="9.805912000000001">
<testsuite name="backend/dbConnection.spec.ts" timestamp="2024-12-25T02:42:57.483Z" hostname="chromium" tests="3" failures="0" skipped="0" time="9.018" errors="0">
<testcase name="DB test with UI › Create a new student" classname="backend/dbConnection.spec.ts" time="2.235">
<system-out>
<![CDATA[[
  {
    STUDENT_ID: [33m5688[39m,
    DOB: [35m1990-01-01T06:00:00.000Z[39m,
    EMAIL: [32m'alicedoe@gmail.com'[39m,
    FIRST_NAME: [32m'Alice'[39m,
    LAST_NAME: [32m'Doe'[39m,
    INSTRUCTOR_ID: [33m1[39m
  }
]
{
  STUDENT_ID: [33m5688[39m,
  DOB: [35m1990-01-01T06:00:00.000Z[39m,
  EMAIL: [32m'alicedoe@gmail.com'[39m,
  FIRST_NAME: [32m'Alice'[39m,
  LAST_NAME: [32m'Doe'[39m,
  INSTRUCTOR_ID: [33m1[39m
}
Alice NAME IN THE QUERY

[[ATTACHMENT|../test-results/backend-dbConnection-DB-test-with-UI-Create-a-new-student-chromium/trace.zip]]
]]>
</system-out>
</testcase>
<testcase name="DB test with UI › Update existing student" classname="backend/dbConnection.spec.ts" time="4.99">
<system-out>
<![CDATA[
[[ATTACHMENT|../test-results/backend-dbConnection-DB-test-with-UI-Update-existing-student-chromium/trace.zip]]
]]>
</system-out>
</testcase>
<testcase name="DB test with UI › Delete existing student" classname="backend/dbConnection.spec.ts" time="1.793">
<system-out>
<![CDATA[
[[ATTACHMENT|../test-results/backend-dbConnection-DB-test-with-UI-Delete-existing-student-chromium/trace.zip]]
]]>
</system-out>
</testcase>
</testsuite>
</testsuites>